/api/users/4/tweets/new                 Chrome
/api/users/4/tweets/new                 Chrome
/api/users/4/tweets/new                 Chrome
/api/users/4                            Chrome
/api/users                              Chrome
/api                                    Chrome
/api                                    Chrome
/api/users/4                            Chrome
/api/users                              Chrome
/api/users/4/tweets/new                 Chrome
/api/users                              Chrome
/sessions                               Chrome
/                                       Chrome
/                                       Chrome
/api                                    Chrome
/                                       Chrome
/api/users/new                          Chrome
/api/users                              Chrome
/api                                    Chrome
/sessions                               Chrome
/                                       Chrome
/sessions/new                           Chrome
/sessions                               Chrome
/                                       Chrome
/api/users/1/tweets/18/edit             Chrome
/api/users/1/tweets/18                  Chrome
/api                                    Chrome
/api/users/1                            Chrome
/                                       Chrome
/api/users/3/tweets/22                  Chrome
/                                       Chrome
/api                                    Chrome
